<?xml version="1.0" encoding="UTF-8"?>
<testsuite name="TaskGroupTest" tests="1" skipped="0" failures="0" errors="0" timestamp="2018-07-29T10:37:36" hostname="DESKTOP-V320F60" time="0.004">
  <properties/>
  <testcase name="testAddTask" classname="TaskGroupTest" time="0.004"/>
  <system-out><![CDATA[Hello,
World
!
Hello
I
am
In order
]]></system-out>
  <system-err><![CDATA[]]></system-err>
</testsuite>
