<?xml version="1.0" encoding="UTF-8"?>
<testsuite name="EventsTest" tests="1" skipped="0" failures="0" errors="0" timestamp="2018-07-29T10:37:36" hostname="DESKTOP-V320F60" time="0.004">
  <properties/>
  <testcase name="testEventSystem" classname="EventsTest" time="0.004"/>
  <system-out><![CDATA[One
Two
]]></system-out>
  <system-err><![CDATA[]]></system-err>
</testsuite>
